app/build/intermediates/manifest_merge_blame_file/debug/manifest-merger-blame-debug-report.txt
1<?xml version="1.0" encoding="utf-8"?>
2<manifest xmlns:android="http://schemas.android.com/apk/res/android"
3    package="com.example.madmini"
4    android:versionCode="1"
5    android:versionName="1.0" >
6
7    <uses-sdk
8        android:minSdkVersion="21"
8-->src\main\AndroidManifest.xml
9        android:targetSdkVersion="31" />
9-->src\main\AndroidManifest.xml
10
11    <uses-permission android:name="android.permission.INTERNET" />
11-->src\main\AndroidManifest.xml:4:5-66
11-->src\main\AndroidManifest.xml:4:22-64
12    <uses-permission android:name="android.permission.ACCESS_NETWORK_STATE" />
12-->src\main\AndroidManifest.xml:5:5-78
12-->src\main\AndroidManifest.xml:5:22-76
13    <uses-permission android:name="android.permission.WRITE_EXTERNAL_STORAGE" />
13-->src\main\AndroidManifest.xml:6:5-80
13-->src\main\AndroidManifest.xml:6:22-78
14    <uses-permission android:name="android.permission.WAKE_LOCK" />
14-->[com.google.android.gms:play-services-measurement-api:19.0.1] AndroidManifest.xml:24:5-68
14-->[com.google.android.gms:play-services-measurement-api:19.0.1] AndroidManifest.xml:24:22-65
15    <uses-permission android:name="com.google.android.finsky.permission.BIND_GET_INSTALL_REFERRER_SERVICE" />
15-->[com.google.android.gms:play-services-measurement:19.0.1] AndroidManifest.xml:26:5-110
15-->[com.google.android.gms:play-services-measurement:19.0.1] AndroidManifest.xml:26:22-107
16
17    <application
17-->src\main\AndroidManifest.xml:7:5-156:19
18        android:allowBackup="true"
18-->src\main\AndroidManifest.xml:8:9-35
19        android:appComponentFactory="androidx.core.app.CoreComponentFactory"
19-->[androidx.core:core:1.5.0] AndroidManifest.xml:24:18-86
20        android:debuggable="true"
21        android:icon="@mipmap/ic_launcher"
21-->src\main\AndroidManifest.xml:9:9-43
22        android:label="@string/app_name"
22-->src\main\AndroidManifest.xml:10:9-41
23        android:roundIcon="@mipmap/ic_launcher_round"
23-->src\main\AndroidManifest.xml:11:9-54
24        android:supportsRtl="true"
24-->src\main\AndroidManifest.xml:12:9-35
25        android:testOnly="true"
26        android:theme="@style/Theme.MadMini" >
26-->src\main\AndroidManifest.xml:13:9-45
27        <activity
27-->src\main\AndroidManifest.xml:14:9-16:39
28            android:name="com.example.madmini.it20122614.EditProfileActivity"
28-->src\main\AndroidManifest.xml:15:13-59
29            android:exported="true" />
29-->src\main\AndroidManifest.xml:16:13-36
30        <activity
30-->src\main\AndroidManifest.xml:17:9-19:39
31            android:name="com.example.madmini.it20122614.ProfileActivity"
31-->src\main\AndroidManifest.xml:18:13-55
32            android:exported="true" />
32-->src\main\AndroidManifest.xml:19:13-36
33        <activity
33-->src\main\AndroidManifest.xml:20:9-25:20
34            android:name="com.example.madmini.it20122614.RegisterActivity"
34-->src\main\AndroidManifest.xml:21:13-56
35            android:exported="true" >
35-->src\main\AndroidManifest.xml:22:13-36
36        </activity>
37        <activity
37-->src\main\AndroidManifest.xml:27:9-29:39
38            android:name="com.example.madmini.it20122614.PaymentActivity"
38-->src\main\AndroidManifest.xml:28:13-55
39            android:exported="true" />
39-->src\main\AndroidManifest.xml:29:13-36
40        <activity
40-->src\main\AndroidManifest.xml:30:9-38:20
41            android:name="com.example.madmini.it20122614.LoginActivity"
41-->src\main\AndroidManifest.xml:31:13-53
42            android:exported="true" >
42-->src\main\AndroidManifest.xml:32:13-36
43            <intent-filter>
43-->src\main\AndroidManifest.xml:33:13-37:29
44                <action android:name="android.intent.action.MAIN" />
44-->src\main\AndroidManifest.xml:34:17-69
44-->src\main\AndroidManifest.xml:34:25-66
45
46                <category android:name="android.intent.category.LAUNCHER" />
46-->src\main\AndroidManifest.xml:36:17-77
46-->src\main\AndroidManifest.xml:36:27-74
47            </intent-filter>
48        </activity>
49        <activity
49-->src\main\AndroidManifest.xml:39:9-41:39
50            android:name="com.example.madmini.it20122614.CartActivity"
50-->src\main\AndroidManifest.xml:40:13-52
51            android:exported="true" />
51-->src\main\AndroidManifest.xml:41:13-36
52        <activity
52-->src\main\AndroidManifest.xml:42:9-44:39
53            android:name="com.example.madmini.it20122614.AddressBookActivity"
53-->src\main\AndroidManifest.xml:43:13-59
54            android:exported="true" />
54-->src\main\AndroidManifest.xml:44:13-36
55        <activity
55-->src\main\AndroidManifest.xml:45:9-47:39
56            android:name="com.example.madmini.it20115302.spare_parts_comp.ViewAllSpareParts"
56-->src\main\AndroidManifest.xml:46:13-74
57            android:exported="true" />
57-->src\main\AndroidManifest.xml:47:13-36
58        <activity
58-->src\main\AndroidManifest.xml:48:9-50:39
59            android:name="com.example.madmini.it20115302.spare_parts_comp.UpdateSparePart"
59-->src\main\AndroidManifest.xml:49:13-72
60            android:exported="true" />
60-->src\main\AndroidManifest.xml:50:13-36
61        <activity
61-->src\main\AndroidManifest.xml:51:9-55:20
62            android:name="com.example.madmini.it20115302.spare_parts_comp.ShowSpareParts"
62-->src\main\AndroidManifest.xml:52:13-71
63            android:exported="true" >
63-->src\main\AndroidManifest.xml:53:13-36
64        </activity>
65        <activity
65-->src\main\AndroidManifest.xml:56:9-58:39
66            android:name="com.example.madmini.it20115302.spare_parts_comp.AddSparePart"
66-->src\main\AndroidManifest.xml:57:13-69
67            android:exported="true" />
67-->src\main\AndroidManifest.xml:58:13-36
68        <activity
68-->src\main\AndroidManifest.xml:59:9-71:20
69            android:name="com.example.madmini.it20122096.PartOrder_Details"
69-->src\main\AndroidManifest.xml:60:13-57
70            android:exported="true"
70-->src\main\AndroidManifest.xml:61:13-36
71            android:parentActivityName="com.example.madmini.it20122096.Pc_Build_Orders" >
71-->src\main\AndroidManifest.xml:62:13-69
72
73            <!--
74            The meta-data tag is required if you support API level 15
75            and lower
76            -->
77            <meta-data
77-->src\main\AndroidManifest.xml:68:13-70:63
78                android:name="android.support.PARENT_ACTIVITY"
78-->src\main\AndroidManifest.xml:69:17-63
79                android:value=".it20122096.Pc_Build_Orders" />
79-->src\main\AndroidManifest.xml:70:17-60
80        </activity>
81        <activity
81-->src\main\AndroidManifest.xml:72:9-84:20
82            android:name="com.example.madmini.it20122096.BuildOrder_Details"
82-->src\main\AndroidManifest.xml:73:13-58
83            android:exported="true"
83-->src\main\AndroidManifest.xml:74:13-36
84            android:parentActivityName="com.example.madmini.it20122096.Pc_Build_Orders" >
84-->src\main\AndroidManifest.xml:75:13-69
85
86            <!--
87            The meta-data tag is required if you support API level 15
88            and lower
89            -->
90            <meta-data
90-->src\main\AndroidManifest.xml:68:13-70:63
91                android:name="android.support.PARENT_ACTIVITY"
91-->src\main\AndroidManifest.xml:69:17-63
92                android:value=".it20122096.Pc_Build_Orders" />
92-->src\main\AndroidManifest.xml:70:17-60
93        </activity>
94        <activity
94-->src\main\AndroidManifest.xml:85:9-97:20
95            android:name="com.example.madmini.it20122096.Pc_Build_Orders"
95-->src\main\AndroidManifest.xml:86:13-55
96            android:exported="true"
96-->src\main\AndroidManifest.xml:87:13-36
97            android:parentActivityName="com.example.madmini.it20122096.Pc_Build_Orders" >
97-->src\main\AndroidManifest.xml:88:13-69
98
99            <!--
100            The meta-data tag is required if you support API level 15
101            and lower
102            -->
103            <meta-data
103-->src\main\AndroidManifest.xml:68:13-70:63
104                android:name="android.support.PARENT_ACTIVITY"
104-->src\main\AndroidManifest.xml:69:17-63
105                android:value=".it20122096.Pc_Build_Orders" />
105-->src\main\AndroidManifest.xml:70:17-60
106        </activity>
107        <activity
107-->src\main\AndroidManifest.xml:98:9-110:20
108            android:name="com.example.madmini.it20122096.Admin_Panel"
108-->src\main\AndroidManifest.xml:99:13-51
109            android:exported="true"
109-->src\main\AndroidManifest.xml:100:13-36
110            android:parentActivityName="com.example.madmini.it20122096.DashBoard" >
110-->src\main\AndroidManifest.xml:101:13-63
111
112            <!--
113            The meta-data tag is required if you support API level 15
114            and lower
115            -->
116            <meta-data
116-->src\main\AndroidManifest.xml:68:13-70:63
117                android:name="android.support.PARENT_ACTIVITY"
117-->src\main\AndroidManifest.xml:69:17-63
118                android:value=".it20122096.DashBoard" />
118-->src\main\AndroidManifest.xml:70:17-60
119        </activity>
120        <activity
120-->src\main\AndroidManifest.xml:111:9-123:20
121            android:name="com.example.madmini.it20122096.Add_Quotation_Item"
121-->src\main\AndroidManifest.xml:112:13-58
122            android:exported="true"
122-->src\main\AndroidManifest.xml:113:13-36
123            android:parentActivityName="com.example.madmini.it20122096.BulidPc" >
123-->src\main\AndroidManifest.xml:114:13-61
124
125            <!--
126            The meta-data tag is required if you support API level 15
127            and lower
128            -->
129            <meta-data
129-->src\main\AndroidManifest.xml:68:13-70:63
130                android:name="android.support.PARENT_ACTIVITY"
130-->src\main\AndroidManifest.xml:69:17-63
131                android:value=".it20122096.BulidPc" />
131-->src\main\AndroidManifest.xml:70:17-60
132        </activity>
133        <activity
133-->src\main\AndroidManifest.xml:124:9-136:20
134            android:name="com.example.madmini.it20122096.Quotation_Items"
134-->src\main\AndroidManifest.xml:125:13-55
135            android:exported="true"
135-->src\main\AndroidManifest.xml:126:13-36
136            android:parentActivityName="com.example.madmini.it20122096.BulidPc" >
136-->src\main\AndroidManifest.xml:127:13-61
137
138            <!--
139            The meta-data tag is required if you support API level 15
140            and lower
141            -->
142            <meta-data
142-->src\main\AndroidManifest.xml:68:13-70:63
143                android:name="android.support.PARENT_ACTIVITY"
143-->src\main\AndroidManifest.xml:69:17-63
144                android:value=".it20122096.BulidPc" />
144-->src\main\AndroidManifest.xml:70:17-60
145        </activity>
146        <activity
146-->src\main\AndroidManifest.xml:137:9-149:20
147            android:name="com.example.madmini.it20122096.BulidPc"
147-->src\main\AndroidManifest.xml:138:13-47
148            android:exported="true"
148-->src\main\AndroidManifest.xml:139:13-36
149            android:parentActivityName="com.example.madmini.it20122096.DashBoard" >
149-->src\main\AndroidManifest.xml:140:13-63
150
151            <!--
152        The meta-data tag is required if you support API level 15
153        and lower
154            -->
155            <meta-data
155-->src\main\AndroidManifest.xml:68:13-70:63
156                android:name="android.support.PARENT_ACTIVITY"
156-->src\main\AndroidManifest.xml:69:17-63
157                android:value=".it20122096.DashBoard" />
157-->src\main\AndroidManifest.xml:70:17-60
158        </activity>
159        <activity
159-->src\main\AndroidManifest.xml:150:9-155:20
160            android:name="com.example.madmini.it20122096.DashBoard"
160-->src\main\AndroidManifest.xml:151:13-49
161            android:exported="true"
161-->src\main\AndroidManifest.xml:152:13-36
162            android:theme="@style/Theme.MaterialComponents.NoActionBar" >
162-->src\main\AndroidManifest.xml:153:13-72
163        </activity>
164
165        <service
165-->[com.google.firebase:firebase-database:20.0.2] AndroidManifest.xml:29:9-35:19
166            android:name="com.google.firebase.components.ComponentDiscoveryService"
166-->[com.google.firebase:firebase-database:20.0.2] AndroidManifest.xml:30:13-84
167            android:directBootAware="true"
167-->[com.google.firebase:firebase-common:20.0.0] AndroidManifest.xml:35:13-43
168            android:exported="false" >
168-->[com.google.firebase:firebase-database:20.0.2] AndroidManifest.xml:31:13-37
169            <meta-data
169-->[com.google.firebase:firebase-database:20.0.2] AndroidManifest.xml:32:13-34:85
170                android:name="com.google.firebase.components:com.google.firebase.database.DatabaseRegistrar"
170-->[com.google.firebase:firebase-database:20.0.2] AndroidManifest.xml:33:17-109
171                android:value="com.google.firebase.components.ComponentRegistrar" />
171-->[com.google.firebase:firebase-database:20.0.2] AndroidManifest.xml:34:17-82
172            <meta-data
172-->[com.google.firebase:firebase-auth:21.0.1] AndroidManifest.xml:77:13-79:85
173                android:name="com.google.firebase.components:com.google.firebase.auth.FirebaseAuthRegistrar"
173-->[com.google.firebase:firebase-auth:21.0.1] AndroidManifest.xml:78:17-109
174                android:value="com.google.firebase.components.ComponentRegistrar" />
174-->[com.google.firebase:firebase-auth:21.0.1] AndroidManifest.xml:79:17-82
175            <meta-data
175-->[com.google.firebase:firebase-storage:20.0.0] AndroidManifest.xml:33:13-35:85
176                android:name="com.google.firebase.components:com.google.firebase.storage.StorageRegistrar"
176-->[com.google.firebase:firebase-storage:20.0.0] AndroidManifest.xml:34:17-107
177                android:value="com.google.firebase.components.ComponentRegistrar" />
177-->[com.google.firebase:firebase-storage:20.0.0] AndroidManifest.xml:35:17-82
178            <meta-data
178-->[com.google.android.gms:play-services-measurement-api:19.0.1] AndroidManifest.xml:30:13-32:85
179                android:name="com.google.firebase.components:com.google.firebase.analytics.connector.internal.AnalyticsConnectorRegistrar"
179-->[com.google.android.gms:play-services-measurement-api:19.0.1] AndroidManifest.xml:31:17-139
180                android:value="com.google.firebase.components.ComponentRegistrar" />
180-->[com.google.android.gms:play-services-measurement-api:19.0.1] AndroidManifest.xml:32:17-82
181            <meta-data
181-->[com.google.firebase:firebase-installations:17.0.0] AndroidManifest.xml:18:13-20:85
182                android:name="com.google.firebase.components:com.google.firebase.installations.FirebaseInstallationsRegistrar"
182-->[com.google.firebase:firebase-installations:17.0.0] AndroidManifest.xml:19:17-127
183                android:value="com.google.firebase.components.ComponentRegistrar" />
183-->[com.google.firebase:firebase-installations:17.0.0] AndroidManifest.xml:20:17-82
184        </service>
185
186        <activity
186-->[com.google.firebase:firebase-auth:21.0.1] AndroidManifest.xml:27:9-44:20
187            android:name="com.google.firebase.auth.internal.GenericIdpActivity"
187-->[com.google.firebase:firebase-auth:21.0.1] AndroidManifest.xml:28:13-80
188            android:excludeFromRecents="true"
188-->[com.google.firebase:firebase-auth:21.0.1] AndroidManifest.xml:29:13-46
189            android:exported="true"
189-->[com.google.firebase:firebase-auth:21.0.1] AndroidManifest.xml:30:13-36
190            android:launchMode="singleTask"
190-->[com.google.firebase:firebase-auth:21.0.1] AndroidManifest.xml:31:13-44
191            android:theme="@android:style/Theme.Translucent.NoTitleBar" >
191-->[com.google.firebase:firebase-auth:21.0.1] AndroidManifest.xml:32:13-72
192            <intent-filter>
192-->[com.google.firebase:firebase-auth:21.0.1] AndroidManifest.xml:33:13-43:29
193                <action android:name="android.intent.action.VIEW" />
193-->[com.google.firebase:firebase-auth:21.0.1] AndroidManifest.xml:34:17-69
193-->[com.google.firebase:firebase-auth:21.0.1] AndroidManifest.xml:34:25-66
194
195                <category android:name="android.intent.category.DEFAULT" />
195-->[com.google.firebase:firebase-auth:21.0.1] AndroidManifest.xml:36:17-76
195-->[com.google.firebase:firebase-auth:21.0.1] AndroidManifest.xml:36:27-73
196                <category android:name="android.intent.category.BROWSABLE" />
196-->[com.google.firebase:firebase-auth:21.0.1] AndroidManifest.xml:37:17-78
196-->[com.google.firebase:firebase-auth:21.0.1] AndroidManifest.xml:37:27-75
197
198                <data
198-->[com.google.firebase:firebase-auth:21.0.1] AndroidManifest.xml:39:17-42:51
199                    android:host="firebase.auth"
199-->[com.google.firebase:firebase-auth:21.0.1] AndroidManifest.xml:40:21-49
200                    android:path="/"
200-->[com.google.firebase:firebase-auth:21.0.1] AndroidManifest.xml:41:21-37
201                    android:scheme="genericidp" />
201-->[com.google.firebase:firebase-auth:21.0.1] AndroidManifest.xml:42:21-48
202            </intent-filter>
203        </activity>
204        <activity
204-->[com.google.firebase:firebase-auth:21.0.1] AndroidManifest.xml:45:9-62:20
205            android:name="com.google.firebase.auth.internal.RecaptchaActivity"
205-->[com.google.firebase:firebase-auth:21.0.1] AndroidManifest.xml:46:13-79
206            android:excludeFromRecents="true"
206-->[com.google.firebase:firebase-auth:21.0.1] AndroidManifest.xml:47:13-46
207            android:exported="true"
207-->[com.google.firebase:firebase-auth:21.0.1] AndroidManifest.xml:48:13-36
208            android:launchMode="singleTask"
208-->[com.google.firebase:firebase-auth:21.0.1] AndroidManifest.xml:49:13-44
209            android:theme="@android:style/Theme.Translucent.NoTitleBar" >
209-->[com.google.firebase:firebase-auth:21.0.1] AndroidManifest.xml:50:13-72
210            <intent-filter>
210-->[com.google.firebase:firebase-auth:21.0.1] AndroidManifest.xml:51:13-61:29
211                <action android:name="android.intent.action.VIEW" />
211-->[com.google.firebase:firebase-auth:21.0.1] AndroidManifest.xml:34:17-69
211-->[com.google.firebase:firebase-auth:21.0.1] AndroidManifest.xml:34:25-66
212
213                <category android:name="android.intent.category.DEFAULT" />
213-->[com.google.firebase:firebase-auth:21.0.1] AndroidManifest.xml:36:17-76
213-->[com.google.firebase:firebase-auth:21.0.1] AndroidManifest.xml:36:27-73
214                <category android:name="android.intent.category.BROWSABLE" />
214-->[com.google.firebase:firebase-auth:21.0.1] AndroidManifest.xml:37:17-78
214-->[com.google.firebase:firebase-auth:21.0.1] AndroidManifest.xml:37:27-75
215
216                <data
216-->[com.google.firebase:firebase-auth:21.0.1] AndroidManifest.xml:39:17-42:51
217                    android:host="firebase.auth"
217-->[com.google.firebase:firebase-auth:21.0.1] AndroidManifest.xml:40:21-49
218                    android:path="/"
218-->[com.google.firebase:firebase-auth:21.0.1] AndroidManifest.xml:41:21-37
219                    android:scheme="recaptcha" />
219-->[com.google.firebase:firebase-auth:21.0.1] AndroidManifest.xml:42:21-48
220            </intent-filter>
221        </activity>
222
223        <service
223-->[com.google.firebase:firebase-auth:21.0.1] AndroidManifest.xml:64:9-73:19
224            android:name="com.google.firebase.auth.api.fallback.service.FirebaseAuthFallbackService"
224-->[com.google.firebase:firebase-auth:21.0.1] AndroidManifest.xml:65:13-101
225            android:enabled="true"
225-->[com.google.firebase:firebase-auth:21.0.1] AndroidManifest.xml:66:13-35
226            android:exported="false" >
226-->[com.google.firebase:firebase-auth:21.0.1] AndroidManifest.xml:67:13-37
227            <intent-filter>
227-->[com.google.firebase:firebase-auth:21.0.1] AndroidManifest.xml:68:13-72:29
228                <action android:name="com.google.firebase.auth.api.gms.service.START" />
228-->[com.google.firebase:firebase-auth:21.0.1] AndroidManifest.xml:69:17-89
228-->[com.google.firebase:firebase-auth:21.0.1] AndroidManifest.xml:69:25-86
229
230                <category android:name="android.intent.category.DEFAULT" />
230-->[com.google.firebase:firebase-auth:21.0.1] AndroidManifest.xml:36:17-76
230-->[com.google.firebase:firebase-auth:21.0.1] AndroidManifest.xml:36:27-73
231            </intent-filter>
232        </service>
233
234        <activity
234-->[com.google.android.gms:play-services-base:17.1.0] AndroidManifest.xml:23:9-26:75
235            android:name="com.google.android.gms.common.api.GoogleApiActivity"
235-->[com.google.android.gms:play-services-base:17.1.0] AndroidManifest.xml:24:13-79
236            android:exported="false"
236-->[com.google.android.gms:play-services-base:17.1.0] AndroidManifest.xml:25:13-37
237            android:theme="@android:style/Theme.Translucent.NoTitleBar" />
237-->[com.google.android.gms:play-services-base:17.1.0] AndroidManifest.xml:26:13-72
238
239        <provider
239-->[com.google.firebase:firebase-common:20.0.0] AndroidManifest.xml:26:9-31:39
240            android:name="com.google.firebase.provider.FirebaseInitProvider"
240-->[com.google.firebase:firebase-common:20.0.0] AndroidManifest.xml:27:13-77
241            android:authorities="com.example.madmini.firebaseinitprovider"
241-->[com.google.firebase:firebase-common:20.0.0] AndroidManifest.xml:28:13-72
242            android:directBootAware="true"
242-->[com.google.firebase:firebase-common:20.0.0] AndroidManifest.xml:29:13-43
243            android:exported="false"
243-->[com.google.firebase:firebase-common:20.0.0] AndroidManifest.xml:30:13-37
244            android:initOrder="100" />
244-->[com.google.firebase:firebase-common:20.0.0] AndroidManifest.xml:31:13-36
245
246        <receiver
246-->[com.google.android.gms:play-services-measurement:19.0.1] AndroidManifest.xml:29:9-33:20
247            android:name="com.google.android.gms.measurement.AppMeasurementReceiver"
247-->[com.google.android.gms:play-services-measurement:19.0.1] AndroidManifest.xml:30:13-85
248            android:enabled="true"
248-->[com.google.android.gms:play-services-measurement:19.0.1] AndroidManifest.xml:31:13-35
249            android:exported="false" >
249-->[com.google.android.gms:play-services-measurement:19.0.1] AndroidManifest.xml:32:13-37
250        </receiver>
251
252        <service
252-->[com.google.android.gms:play-services-measurement:19.0.1] AndroidManifest.xml:35:9-38:40
253            android:name="com.google.android.gms.measurement.AppMeasurementService"
253-->[com.google.android.gms:play-services-measurement:19.0.1] AndroidManifest.xml:36:13-84
254            android:enabled="true"
254-->[com.google.android.gms:play-services-measurement:19.0.1] AndroidManifest.xml:37:13-35
255            android:exported="false" />
255-->[com.google.android.gms:play-services-measurement:19.0.1] AndroidManifest.xml:38:13-37
256        <service
256-->[com.google.android.gms:play-services-measurement:19.0.1] AndroidManifest.xml:39:9-43:72
257            android:name="com.google.android.gms.measurement.AppMeasurementJobService"
257-->[com.google.android.gms:play-services-measurement:19.0.1] AndroidManifest.xml:40:13-87
258            android:enabled="true"
258-->[com.google.android.gms:play-services-measurement:19.0.1] AndroidManifest.xml:41:13-35
259            android:exported="false"
259-->[com.google.android.gms:play-services-measurement:19.0.1] AndroidManifest.xml:42:13-37
260            android:permission="android.permission.BIND_JOB_SERVICE" />
260-->[com.google.android.gms:play-services-measurement:19.0.1] AndroidManifest.xml:43:13-69
261
262        <meta-data
262-->[com.google.android.gms:play-services-basement:17.1.0] AndroidManifest.xml:23:9-25:69
263            android:name="com.google.android.gms.version"
263-->[com.google.android.gms:play-services-basement:17.1.0] AndroidManifest.xml:24:13-58
264            android:value="@integer/google_play_services_version" />
264-->[com.google.android.gms:play-services-basement:17.1.0] AndroidManifest.xml:25:13-66
265    </application>
266
267</manifest>